root - WARNING - https://www.forbes.com/sites/christinero/2020/02/05/when-it-comes-to-tech-refugees-need-more-access-not-more-apps/ Could not be called by NewsScan
root - WARNING - https://news.yahoo.com/climate-crisis-could-justify-asylum-claims-un-committee-192036346.html Could not be called by NewsScan
root - WARNING - https://www.forbes.com/sites/oliverwilliams1/2020/02/06/how-21-elephants-came-to-central-london-and-other-art-apperations/ Could not be called by NewsScan
root - WARNING - http://techcrunch.com/2020/01/17/deep-tech-vcs-on-what-they-view-as-some-of-the-most-impactful-young-startups-right-now/ Could not be called by NewsScan
root - WARNING - http://techcrunch.com/2020/02/12/financing-for-social-impact-and-climate-businesses-gets-a-billion-dollar-boost-with-new-kkr-fund/ Could not be called by NewsScan
root - WARNING - https://www.aljazeera.com/news/2020/01/march-life-trump-appearance-slams-democrats-200125061445726.html Could not be called by NewsScan
root - WARNING - https://news.yahoo.com/william-barr-moves-reins-politically-151634245.html Could not be called by NewsScan
root - WARNING - https://economictimes.indiatimes.com/news/defence/china-has-no-intention-to-participate-in-arms-talks/articleshow/73520467.cms Could not be called by NewsScan
root - WARNING - https://www.thecentersquare.com/illinois/illinois-lawmakers-seek-truce-with-other-states-to-end-business/article_9a517464-4212-11ea-b887-ff67570c78b7.html Could not be called by NewsScan
root - WARNING - https://www.freemalaysiatoday.com/category/world/2020/01/22/us-invites-china-to-join-russia-in-nuclear-talks/ Could not be called by NewsScan
root - WARNING - https://www.freemalaysiatoday.com/category/world/2020/01/22/n-korea-abandons-nuclear-freeze-pledge-blames-brutal-us-sanctions/ Could not be called by NewsScan
root - WARNING - http://techcrunch.com/2020/02/03/apple-news-adds-coverage-of-2020-u-s-presidential-election-including-guides-to-candidates-issues-news-literacy/ Could not be called by NewsScan
root - WARNING - https://www.economist.com/news/2020/01/28/trapped-in-iran Could not be called by NewsScan
root - WARNING - https://www.forbes.com/sites/jasonbrett/2020/01/29/trend-continues-for-countries-looking-to-evade-us-sanctions-using-crypto/ Could not be called by NewsScan
root - WARNING - https://finance.yahoo.com/news/iran-faces-threat-full-global-220000118.html Could not be called by NewsScan
root - WARNING - https://economictimes.indiatimes.com/news/defence/seoul-to-send-vessel-to-strait-of-hormuz-after-us-pressure/articleshow/73476770.cms Could not be called by NewsScan
root - WARNING - http://techcrunch.com/2020/02/03/apple-news-adds-coverage-of-2020-u-s-presidential-election-including-guides-to-candidates-issues-news-literacy/ Could not be called by NewsScan
root - WARNING - http://techcrunch.com/2020/02/10/house-brianna-wu-campaign-hack/ Could not be called by NewsScan
root - WARNING - http://techcrunch.com/2020/02/11/n26-exits-uk-market-following-brexit/ Could not be called by NewsScan
root - WARNING - http://techcrunch.com/2020/01/29/silicon-valley-vc-7bc-capital-expands-in-europe-recruits-first-venture-partner/ Could not be called by NewsScan
root - WARNING - http://techcrunch.com/2020/01/22/language-platform-busuu-acquires-video-tutor-startup-now-plans-ipo/ Could not be called by NewsScan
root - WARNING - https://news.yahoo.com/cold-humiliated-syrians-displaced-yet-173321396.html Could not be called by NewsScan
root - WARNING - https://www.forbes.com/sites/davidalm/2020/01/23/lives-in-limbo-the-cave-brings-the-horrors-of-the-syrian-civil-war-home-but-also-the-humanity/ Could not be called by NewsScan
root - WARNING - http://globalnews.ca/news/6440408/liberal-minority-priorities/ Could not be called by NewsScan
root - WARNING - https://www.forbes.com/sites/lisettevoytko/2020/01/20/photos-gun-rights-supporters-descend-on-virginia-for-second-amendment-rally/ Could not be called by NewsScan
root - WARNING - https://www.forbes.com/sites/claryestes/2020/02/17/the-happy-gun-owner-research-suggests-otherwise/ Could not be called by NewsScan
root - WARNING - https://www.richmond.com/news/local/update-richmond-woman-charged-with-wearing-mask-in-public-following/article_af43b67e-def2-5ee1-92db-709d0965655f.html Could not be called by NewsScan
root - WARNING - https://www.forbes.com/sites/zakdoffman/2020/02/11/this-is-trumps-stunning-huawei-smoking-gun-revelation-heres-why-its-complicated/ Could not be called by NewsScan
root - WARNING - https://www.youtube.com/watch?v=Pk7dCTfGSSo Could not be called by NewsScan
root - WARNING - https://www.stardem.com/news/state_news/lawmakers-debate-smart-gun-tech-for-police/article_5435207c-1de0-5e95-908a-638db026f1d1.html Could not be called by NewsScan
root - WARNING - https://kinjaroundup.kinja.com/jalopnik-at-2-400-is-this-1996-isuzu-suv-a-real-super-1841491494 Could not be called by NewsScan
root - WARNING - http://riowang.blogspot.com/2015/08/the-persian-desert.html Could not be called by NewsScan
root - WARNING - https://www.forbes.com/sites/lisettevoytko/2020/02/06/sheer-punishment-critics-say-trumps-new-york-global-entry-suspension-hurts-all-travelers/ Could not be called by NewsScan
root - WARNING - https://www.reuters.com/article/us-libya-security-eu-analysis-idUSKBN1ZF1DA Could not be called by NewsScan
root - WARNING - https://www.forbes.com/sites/suzannerowankelleher/2020/02/06/trump-administration-bans-new-yorkers-from-enrolling-in-global-entry/ Could not be called by NewsScan
root - WARNING - http://techcrunch.com/2020/01/31/trump-to-halt-immigration-from-africas-top-tech-hub-nigeria/ Could not be called by NewsScan
root - WARNING - http://techcrunch.com/2020/02/05/dear-sophie-my-h-1b-was-renewed-but-im-getting-laid-off/ Could not be called by NewsScan
root - WARNING - http://techcrunch.com/2020/02/07/aclu-dhs-app-locations-deportations/ Could not be called by NewsScan
root - WARNING - http://techcrunch.com/2020/01/31/twitter-suspends-notorious-uk-hate-preacher-for-violating-abuse-rules/ Could not be called by NewsScan
root - WARNING - http://techcrunch.com/2020/01/26/original-content-little-america/ Could not be called by NewsScan
root - WARNING - http://techcrunch.com/2020/02/03/remitly-launches-passbook-a-neobank-aimed-at-immigrants-to-expand-beyond-money-transfers/ Could not be called by NewsScan
root - WARNING - http://techcrunch.com/2020/02/03/apple-news-adds-coverage-of-2020-u-s-presidential-election-including-guides-to-candidates-issues-news-literacy/ Could not be called by NewsScan
root - WARNING - https://www.forbes.com/sites/andyjsemotiuk/2020/01/30/what-do-immigrants-want-and-how-do-they-get-it/ Could not be called by NewsScan
root - WARNING - https://9gag.com/gag/aDgQX1O/good-luck-with-your-independence-scotland Could not be called by NewsScan
root - WARNING - https://finance.yahoo.com/news/scotland-leader-warns-johnson-t-123332310.html Could not be called by NewsScan
root - WARNING - https://economictimes.indiatimes.com/news/international/world-news/uk-pm-boris-johnson-defeated-on-brexit-legislation-for-first-time-since-election/articleshow/73468785.cms Could not be called by NewsScan
root - WARNING - https://www.forbes.com/sites/stephenpope/2020/02/13/sackings-and-shock-resignations-boris-reshuffles-his-cabinet/ Could not be called by NewsScan
root - WARNING - https://www.forbes.com/sites/carltonreid/2020/02/10/prime-minister-boris-johnson-pledges-5-billion-in-new-cash-for-buses-and-bicycle-infrastructure/ Could not be called by NewsScan
root - WARNING - https://www.forbes.com/sites/forbesbusinesscouncil/2020/01/16/the-dark-side-of-deepfake-artificial-intelligence-and-virtual-influencers/ Could not be called by NewsScan
root - WARNING - https://www.forbes.com/sites/alasdairlane/2020/02/13/power-politics-reshuffle-reveals-johnson-and-cummings-iron-grip/ Could not be called by NewsScan
root - WARNING - https://www.forbes.com/sites/thebakersinstitute/2020/02/13/the-real-deal-of-the-century-sanctions-relief-for-iran-in-exchange-for-peace-in-yemen/ Could not be called by NewsScan
root - WARNING - https://www.forbes.com/sites/richardlevick/2020/02/05/cancel-culture-new-rules-to-replace-mob-rule/ Could not be called by NewsScan
root - WARNING - https://www.freemalaysiatoday.com/category/world/2020/02/17/yemen-govt-rebels-reach-agreement-on-large-prisoner-swap/ Could not be called by NewsScan
root - WARNING - https://www.forbes.com/sites/isabeltogoh/2020/02/12/britains-government-announces-plans-to-regulate-facebook-twitter-and-tiktok/ Could not be called by NewsScan
root - WARNING - https://www.forbes.com/sites/forbescommunicationscouncil/2020/01/22/the-next-decade-in-communications-how-can-we-protect-our-digital-world/ Could not be called by NewsScan
root - WARNING - https://www.forbes.com/sites/forbescoachescouncil/2020/01/28/these-seven-digital-trends-could-impact-your-career-in-2020/ Could not be called by NewsScan
root - WARNING - http://feedproxy.google.com/~r/cato-unbound/~3/hXpJN8A9XiY/reply-feerst-rinehart Could not be called by NewsScan
root - WARNING - http://allnewspipeline.com/Nullification_Secession_And_Micro_Secession.php Could not be called by NewsScan
root - WARNING - https://www.autoblog.comhttps://www.autoblog.com/2020/01/22/trump-tariffs-european-cars-threat/ Could not be called by NewsScan
root - WARNING - https://www.autoblog.comhttps://www.autoblog.com/2020/02/11/trump-trade-european-union-tariffs-on-cars/ Could not be called by NewsScan
root - WARNING - https://news.yahoo.com/first-trade-war-now-coronavirus-203936959.html Could not be called by NewsScan
root - WARNING - https://www.marketwatch.com/story/the-china-trade-deal-doesnt-protect-american-workers-or-american-interests-2020-01-16 Could not be called by NewsScan
root - WARNING - https://www.autoblog.comhttps://www.autoblog.com/2020/01/22/trump-auto-imports-national-security-tariffs/ Could not be called by NewsScan
root - WARNING - https://www.autoblog.comhttps://www.autoblog.com/2020/01/31/next-mini-delayed/ Could not be called by NewsScan
root - WARNING - https://www.marketwatch.com/story/european-stocks-on-track-for-record-on-relief-over-us-china-trade-pact-2020-01-16 Could not be called by NewsScan
root - WARNING - https://www.forbes.com/sites/forbesbusinessdevelopmentcouncil/2020/02/13/why-expand-your-business-abroad/ Could not be called by NewsScan
root - WARNING - https://www.freemalaysiatoday.com/category/nation/2020/02/11/uk-sees-malaysia-as-possible-gateway-to-asia-pacific-trade/ Could not be called by NewsScan
root - WARNING - https://www.forbes.com/sites/williampesek/2020/01/17/us-china-trade-deal-a-40-trillion-trap-on-trumps-wall-street-buddies/ Could not be called by NewsScan
root - WARNING - https://www.forbes.com/sites/taxnotes/2020/01/28/taxes-trade-and-big-pharma-just-what-the-doctor-ordered/ Could not be called by NewsScan
root - WARNING - https://www.channelnewsasia.com/news/world/former-new-zealand-pm-and-wto-leader-mike-moore-dead-12381708 Could not be called by NewsScan
root - WARNING - https://news.yahoo.com/respect-vs-humiliation-pushes-trump-104234466.html Could not be called by NewsScan
root - WARNING - https://www.forbes.com/sites/harrybroadman/2020/01/31/trumps-usmca-20-cannibalizes-nafta/ Could not be called by NewsScan
root - WARNING - https://www.bizjournals.com/pacific/news/2020/01/16/california-investment-firm-acquires-hawaii-cloud.html?ana=RSS&s=article_search&utm_source=feedburner&utm_medium=feed&utm_campaign=Feed%3A+bizj_pacific+%28Pacific+Business+News+of+Honolulu%29 Could not be called by NewsScan
root - WARNING - https://www.forbes.com/sites/harrybroadman/2020/01/31/usmca-20-cannibalizes-nafta/ Could not be called by NewsScan
root - WARNING - https://www.forbes.com/sites/harrybroadman/2020/01/31/trumps-usmca-cannibalized-nafta/ Could not be called by NewsScan
root - WARNING - https://finance.yahoo.com/news/u-china-trade-war-vietnam-220014428.html Could not be called by NewsScan
root - WARNING - https://www.newsweek.com/wildfires-climate-change-religious-aspect-trump-former-australian-pm-1483378 Could not be called by NewsScan
root - WARNING - https://www.bizjournals.com/pacific/news/2020/01/16/california-investment-firm-acquires-hawaii-cloud.html?ana=RSS&s=article_search&utm_source=feedburner&utm_medium=feed&utm_campaign=Feed%3A+industry_7+%28Industry+Technology%29 Could not be called by NewsScan
root - WARNING - https://www.bizjournals.com/pacific/news/2020/01/16/california-investment-firm-acquires-hawaii-cloud.html?ana=RSS&s=article_search&utm_source=feedburner&utm_medium=feed&utm_campaign=Feed%3A+bizj_national+%28Bizjournals+National+Feed%29 Could not be called by NewsScan
root - WARNING - https://www.forbes.com/sites/allbusiness/2020/01/16/limited-liability-company-s-corporation-how-owners-paid/ Could not be called by NewsScan
root - WARNING - https://www.forbes.com/sites/tanyatarr/2020/01/22/how-citi-is-continuing-to-level-set-equal-pay-for-employees-and-businesses/ Could not be called by NewsScan
root - WARNING - https://www.forbes.com/sites/tomspiggle/2020/02/07/did-virginia-just-make-the-equal-rights-amendment-part-of-the-constitution/ Could not be called by NewsScan
root - WARNING - https://www.forbes.com/sites/eriksherman/2020/01/30/universal-income-corporate-welfare/ Could not be called by NewsScan
root - WARNING - https://www.keiserreport.com/2020/01/front-running-universal-basic-income/ Could not be called by NewsScan
root - WARNING - https://www.forbes.com/sites/rachelsandler/2020/02/11/andrew-yang-drops-out-of-presidential-race/ Could not be called by NewsScan
root - WARNING - https://www.democracynow.org/2020/2/12/new_hampshire_primary_2020_bernie_sanders Could not be called by NewsScan
root - WARNING - https://www.forbes.com/sites/jrose/2020/02/10/12-cheap-and-simple-ways-to-upgrade-your-life-insurance-policy/ Could not be called by NewsScan
root - WARNING - https://wcfcourier.com/news/local/govt-and-politics/yang-in-waterloo-trillion-dollar-tech-companies-are-sucking-us/article_45127de2-e4c6-5b2f-af84-5f618219dc31.html Could not be called by NewsScan
root - WARNING - https://www.forbes.com/sites/howardgleckman/2020/01/21/how-the-democratic-presidential-candidates-would-address-long-term-care/ Could not be called by NewsScan
root - WARNING - https://seekingalpha.com/article/4322240-universal-technical-institutes-uti-ceo-jerome-grant-on-q1-2020-results-earnings-call Could not be called by NewsScan
root - WARNING - https://www.ccn.com/thank-god-math-guy-andrew-yang-is-finally-gone/ Could not be called by NewsScan
root - WARNING - https://www.forbes.com/sites/cognitiveworld/2020/01/30/a-world-without-work-by-daniel-susskind-a-book-review/ Could not be called by NewsScan
root - WARNING - https://www.forbes.com/sites/forbes-books/2020/01/23/forbes-all-star-book-club-michael-milken-reviews-factfulness/ Could not be called by NewsScan
root - WARNING - http://techcrunch.com/2020/02/03/apple-news-adds-coverage-of-2020-u-s-presidential-election-including-guides-to-candidates-issues-news-literacy/ Could not be called by NewsScan
root - WARNING - https://www.profgalloway.com/iowat-the-fuk Could not be called by NewsScan
root - WARNING - https://www.forbes.com/sites/eriksherman/2020/01/20/davos-inequality-education-skills/ Could not be called by NewsScan
root - WARNING - https://www.forbes.com/sites/eriksherman/2020/01/31/income-inequality-trump-bad-data/ Could not be called by NewsScan
root - WARNING - https://www.forbes.com/sites/jackkelly/2020/01/21/the-worlds-elite-private-jet-to-davos-for-the-world-economic-forum-to-talk-about-climate-change/ Could not be called by NewsScan
root - WARNING - https://www.forbes.com/sites/howardgleckman/2020/01/23/inequality-is-a-big-and-growing-issue-but-a-wealth-tax-may-not-be-the-solution/ Could not be called by NewsScan
root - WARNING - https://www.forbes.com/sites/prestoncooper2/2020/02/11/what-parasite-tells-us-about-higher-education-and-inequality/ Could not be called by NewsScan
root - WARNING - https://www.forbes.com/sites/lawrencewintermeyer/2020/01/17/humanitys-triple-witching-hour-can-the-digital-decade-help-save-us/ Could not be called by NewsScan
root - WARNING - https://seekingalpha.com/article/4319137-china-buying-time-is-not-cheap Could not be called by NewsScan
root - WARNING - http://techcrunch.com/2020/02/15/capitalism-generates-a-lot-of-wealth-depending-on-the-situation/ Could not be called by NewsScan
root - WARNING - https://amp.theguardian.comus-news/2020/jan/31/trump-iowa-socialism-bernie-sanders Could not be called by NewsScan
root - WARNING - https://news.yahoo.com/finlands-millennial-prime-minister-said-151951605.html Could not be called by NewsScan
root - WARNING - https://news.yahoo.com/bolivias-morales-travels-cuba-medical-treatment-162737949.html Could not be called by NewsScan
root - WARNING - https://www.nakedcapitalism.com/2020/02/a-socialism-equal-to-the-world.html Could not be called by NewsScan
root - WARNING - https://www.forbes.com/sites/jackkelly/2020/02/05/the-reasons-why-young-voters-are-embracing-bernie-sanders-and-socialism/ Could not be called by NewsScan
root - WARNING - https://www.forbes.com/sites/investor/2020/02/03/can-you-like-both-socialism-and-free-enterprise/ Could not be called by NewsScan
root - WARNING - https://www.forbes.com/sites/rainerzitelmann/2020/02/16/anti-capitalism-on-us-university-campuses-the-culture-war-is-fought-dirty/ Could not be called by NewsScan
root - WARNING - https://www.forbes.com/sites/billwhalen/2020/02/10/new-hampshire--and-same-old-anxiety-for-democrats/ Could not be called by NewsScan
root - WARNING - http://techcrunch.com/2020/01/23/dfinity-launches-an-open-source-platform-aimed-at-the-social-networking-giants/ Could not be called by NewsScan
root - WARNING - http://techcrunch.com/2020/02/05/aiven-raises-40m-to-democratize-access-to-open-source-projects-through-managed-cloud-services/ Could not be called by NewsScan
root - WARNING - http://techcrunch.com/2020/01/17/deep-tech-vcs-on-what-they-view-as-some-of-the-most-impactful-young-startups-right-now/ Could not be called by NewsScan
root - WARNING - http://techcrunch.com/2020/01/17/how-scooter-charging-startups-want-to-make-the-industry-more-profitable/ Could not be called by NewsScan
root - WARNING - https://www.autoblog.comhttps://www.autoblog.com/2020/02/06/chargepoint-truck-stop-fast-electric-car-chargers/ Could not be called by NewsScan
root - WARNING - https://www.forbes.com/sites/mikemontgomery/2020/01/30/fixing-the-problem-of-food-waste-requires-partners-not-just-a-product/ Could not be called by NewsScan
root - WARNING - https://www.forbes.com/sites/davekeating/2020/01/20/eu-green-deal-will-be-undermined-by-lending-to-gas-projects-campaigners-warn/ Could not be called by NewsScan
root - WARNING - https://www.forbes.com/sites/adigaskell/2020/02/13/how-partisanship-is-destroying-americas-competitiveness/ Could not be called by NewsScan
root - WARNING - https://www.forbes.com/sites/tomtaulli/2020/02/07/casper-ipo-what-does-it-mean-for-the-tech-world/ Could not be called by NewsScan
root - WARNING - https://www.forbes.com/sites/jasonbrett/2020/01/21/israeli-counter-terrorism-institute-reports-hamas-using-bitcoin-as-a-funding-source/ Could not be called by NewsScan
root - WARNING - https://economictimes.indiatimes.com/markets/stocks/news/blackrock-partners-eye-initial-500-million-for-climate-fund/articleshow/73519323.cms Could not be called by NewsScan
root - WARNING - https://www.forbes.com/sites/davidblackmon/2020/02/08/teslas-earnings-show-why-transportation-funding-should-go-to-roads-not-ev-subsidies/ Could not be called by NewsScan
root - WARNING - https://www.forbes.com/sites/rahulrazdan/2020/02/01/did-the-fcc-expose-a-fundamental-flaw-in-the-public-transportation-sectors-ability-to-absorb-disruptive-technology-/ Could not be called by NewsScan
root - WARNING - https://www.forbes.com/sites/samcurry/2020/02/03/ransomware-to-pay-or-not-to-pay/ Could not be called by NewsScan
root - WARNING - https://www.forbes.com/sites/rahulrazdan/2020/01/17/could-micro-tolling-be-the-answer-to-the-gas-tax-and-traffic-optimization/ Could not be called by NewsScan
root - WARNING - https://www.forbes.com/sites/davidblackmon/2020/01/27/the-oil-and-gas-situation-abundance-and-growth-meet-limitations/ Could not be called by NewsScan
root - WARNING - https://economictimes.indiatimes.com/news/defence/terror-attacks-drop-but-pakistan-not-out-of-the-woods/articleshow/73765188.cms Could not be called by NewsScan
root - WARNING - https://www.forbes.com/sites/johnbaldoni/2020/01/23/what-afghanistan-teaches-us-about-the-need-for-strategy/ Could not be called by NewsScan
root - WARNING - https://www.newsweek.com/russia-react-massive-us-moves-border-1485713 Could not be called by NewsScan
root - WARNING - https://www.autoblog.comhttps://www.autoblog.com/2020/01/22/trump-tariffs-european-cars-threat/ Could not be called by NewsScan
root - WARNING - https://news.yahoo.com/first-trade-war-now-coronavirus-203936959.html Could not be called by NewsScan
root - WARNING - https://www.autoblog.comhttps://www.autoblog.com/2020/02/11/trump-trade-european-union-tariffs-on-cars/ Could not be called by NewsScan
root - WARNING - https://economictimes.indiatimes.com/news/international/business/china-to-halve-tariffs-on-some-u-s-imports/articleshow/73976625.cms Could not be called by NewsScan
root - WARNING - http://techcrunch.com/2020/02/03/equity-monday-stock-market-woes-vertical-saas-and-wework-gets-serious/ Could not be called by NewsScan
root - WARNING - https://bitfs.network/ Could not be called by NewsScan
root - WARNING - http://techcrunch.com/2020/01/29/coinbase-surojit-chatterjee/ Could not be called by NewsScan
root - WARNING - https://mushino.com/ Could not be called by NewsScan
root - WARNING - http://techcrunch.com/2020/01/23/dfinity-launches-an-open-source-platform-aimed-at-the-social-networking-giants/ Could not be called by NewsScan
root - WARNING - https://www.forbes.com/sites/forbesbusinesscouncil/2020/01/24/the-need-for-computing-power-in-2020-and-beyond/ Could not be called by NewsScan
root - WARNING - https://seekingalpha.com/article/4317300-trumps-china-currency-manipulation-decision-no-change Could not be called by NewsScan
root - WARNING - https://finance.yahoo.com/news/trump-administration-clears-way-currency-045019989.html Could not be called by NewsScan
root - WARNING - https://www.forbes.com/sites/cbovaird/2020/01/27/top-5-crypto-regulatory-developments-of-2019/ Could not be called by NewsScan
root - WARNING - https://seekingalpha.com/article/4317417-silver-and-swiss-franc-primed-for-breakout-higher-together Could not be called by NewsScan
root - WARNING - https://finance.yahoo.com/news/china-yuan-tumble-past-7-090620007.html Could not be called by NewsScan
root - WARNING - https://finance.yahoo.com/news/china-signals-support-yuan-fix-011920083.html Could not be called by NewsScan
root - WARNING - https://finance.yahoo.com/news/china-risks-exporting-market-volatility-200000442.html Could not be called by NewsScan
root - WARNING - https://seekingalpha.com/article/4321865-estimating-shape-of-coming-crisis Could not be called by NewsScan
root - WARNING - https://www.forbes.com/sites/forbesagencycouncil/2020/01/22/with-deepfakes-prevention-is-a-fools-errand-heres-how-you-can-prepare-and-respond/ Could not be called by NewsScan
root - WARNING - https://seekingalpha.com/article/4317756-irrationally-bullish-and-cherry-on-sundae Could not be called by NewsScan
root - WARNING - http://cepr.net/blogs/beat-the-press/can-manufacturing-workers-take-many-more-of-trump-s-trade-victories Could not be called by NewsScan
root - WARNING - https://seekingalpha.com/article/4318836-irrational-fears-of-deflation Could not be called by NewsScan
root - WARNING - https://www.forbes.com/sites/kenrapoza/2020/01/17/how-super-amazingly-great-is-trumps-phase-one-china-deal-anyway/ Could not be called by NewsScan
root - WARNING - https://www.freemalaysiatoday.com/category/world/2020/01/17/senate-welcomes-bipartisan-win-in-passing-n-america-trade-deal/ Could not be called by NewsScan
root - WARNING - https://finance.yahoo.com/news/u-china-trade-war-vietnam-220014428.html Could not be called by NewsScan
root - WARNING - http://techcrunch.com/2020/02/04/generate-capital-raises-1-billion-for-renewable-energy-infrastructure-development/ Could not be called by NewsScan
root - WARNING - http://techcrunch.com/2020/01/28/with-tony-fadells-help-advano-is-building-battery-components-to-power-an-electric-future/ Could not be called by NewsScan
root - WARNING - https://www.thekitchn.com/meal-planning-review-my-healthy-22978586 Could not be called by NewsScan
root - WARNING - https://techcrunch.com/2020/02/04/generate-capital-raises-1-billion-for-renewable-energy-infrastructure-development/ Could not be called by NewsScan
root - WARNING - https://www.forbes.com/sites/elainepofeldt/2020/01/31/from-military-veteran-to-entrepreneur/ Could not be called by NewsScan
root - WARNING - https://www.forbes.com/sites/katedingwall/2020/01/21/pernod-ricard-will-pivot-to-100-renewable-energy-by-2025/ Could not be called by NewsScan
root - WARNING - https://economictimes.indiatimes.com/news/international/world-news/brexit-done-at-last-now-for-the-hard-part/articleshow/73761186.cms Could not be called by NewsScan
root - WARNING - https://seekingalpha.com/article/4322901-devon-energy-pivot-nearly-complete Could not be called by NewsScan
root - WARNING - https://www.forbes.com/sites/ashleaebeling/2020/01/24/irs-dont-rush-to-take-2020-ira-rmds-you-might-not-have-to/ Could not be called by NewsScan
root - WARNING - https://www.forbes.com/sites/davidrae/2020/01/23/best-time-to-claim-social-security-benefits/ Could not be called by NewsScan
root - WARNING - https://www.forbes.com/sites/frankarmstrong/2020/01/16/secure-act-delays-rmds-to-age-72-for-future-retirees/ Could not be called by NewsScan
root - WARNING - https://www.forbes.com/sites/ebauer/2020/01/17/pension-strikes-in-france-reform-in-the-uk-and-the-third-rail-ness-of-social-security-reform/ Could not be called by NewsScan
root - WARNING - https://www.forbes.com/sites/ebauer/2020/01/23/how-to-achieve-a-fair-public-pension-reform-in-illinois--the-target-benefit-pension-plan/ Could not be called by NewsScan
root - WARNING - https://www.forbes.com/sites/ebauer/2020/01/22/the-high-cost-of-rejecting-public-pension-reform-in-illinois/ Could not be called by NewsScan
root - WARNING - https://www.forbes.com/sites/ebauer/2020/01/28/six-key-charts-that-prove-why-there-is-no-alternative-to-pension-reform-in-illinois/ Could not be called by NewsScan
root - WARNING - https://www.forbes.com/sites/edwardsiedle/2020/01/20/who-stole-my-pension-book-provides-action-plan-to-stop-pension-looting/ Could not be called by NewsScan
root - WARNING - https://www.forbes.com/sites/tamarathiessen/2020/01/27/paris-transport-strike-will-end-officially-wednesday-january-29/ Could not be called by NewsScan
root - WARNING - https://www.forbes.com/sites/edwardsiedle/2020/02/01/rhode-island-governor-gina-raimondos-13-year-losers-bonus-paid-by-state-pension-is-not-wall-street-business-as-usual/ Could not be called by NewsScan
root - WARNING - https://www.forbes.com/sites/ebauer/2020/02/12/do-illinoisans-think-teachers-pension-benefits-grow-on-trees-a-new-poll-seems-to-say-yes/ Could not be called by NewsScan
root - WARNING - https://finance.yahoo.com/news/latin-america-most-disliked-president-185927801.html Could not be called by NewsScan
root - WARNING - https://www.forbes.com/sites/waynewinegarden/2020/01/27/the-secs-proposed-rule-will-improve-transparency-and-protect-investors/ Could not be called by NewsScan
root - WARNING - https://www.forbes.com/sites/edwardsiedle/2020/02/06/rhode-island-governor-gina-raimondo-embraces-presidential-candidate-michael-bloomberg-continuing-her-love-affair-with-wall-street/ Could not be called by NewsScan
root - WARNING - https://www.forbes.com/sites/tamarathiessen/2020/01/27/paris-transport-strike-officially-over-wednesday-january-29/ Could not be called by NewsScan
root - WARNING - https://www.forbes.com/sites/tamarathiessen/2020/01/27/paris-transport-strike-is-officially-over-wednesday-january-29/ Could not be called by NewsScan
root - WARNING - https://www.unionleader.com/news/business/bia-sets-small-business-day-for-feb-in-concord/article_e507f88d-c6f2-5651-8814-8bf5530b6834.html Could not be called by NewsScan
root - WARNING - https://www.forbes.com/sites/ebauer/2020/02/13/biden-and-warren-want-to-eliminate-the-windfall-elimination-provision-heres-why-theyre-wrong/ Could not be called by NewsScan
root - WARNING - https://www.forbes.com/sites/ebauer/2020/02/10/pre-primary-recap-what-do-the-candidates-say-about-retirement-and-social-security/ Could not be called by NewsScan
root - WARNING - https://news.yahoo.com/au-pair-rights-more-protections-141000415.html Could not be called by NewsScan
root - WARNING - https://www.forbes.com/sites/teresaghilarducci/2020/02/11/why-new-york-wants-to-regulate-the-abusive-gig-economy/ Could not be called by NewsScan
root - WARNING - https://www.postbulletin.com/news/business/small-business-owners-weigh-in-on-the-minimum-wage/article_dd1bb4ec-4769-11ea-93db-dfa322d20e6d.html Could not be called by NewsScan
root - WARNING - https://herald-review.com/business/local/how-these-decatur-area-businesses-are-coming-to-grips-with/article_b635a3a6-d937-52aa-a130-9fffbeccc41c.html Could not be called by NewsScan
root - WARNING - https://www.forbes.com/sites/miltonezrati/2020/01/24/wage-patterns-look-very-good/ Could not be called by NewsScan
root - WARNING - http://wset.com/news/at-the-capitol/job-killer-minimum-wage-bill-could-have-devastating-impact-on-small-businesses Could not be called by NewsScan
root - WARNING - https://www.forbes.com/sites/ebauer/2020/01/20/can-the-older-adults-of-the-future-work-the-futures-mcjobs/ Could not be called by NewsScan
root - WARNING - http://wcyb.com/news/local/virginia-small-business-owners-will-testify-against-proposed-legislation-in-richmond Could not be called by NewsScan
root - WARNING - https://www.forbes.com/sites/teresaghilarducci/2020/02/09/trumps-economy-isnt-so-great/ Could not be called by NewsScan
root - WARNING - https://news.yahoo.com/ukrainian-political-shake-involves-figures-194705944.html Could not be called by NewsScan
root - WARNING - https://www.forbes.com/sites/tomangell/2020/01/25/trump-says-marijuana-makes-people-lose-iq-points-in-secret-recording/ Could not be called by NewsScan
root - WARNING - https://www.forbes.com/sites/joanoleck/2020/01/16/is-2020-a-high-point-or-low-one-for-cannabis-tech-normls-political-director-weighs-in/ Could not be called by NewsScan
root - WARNING - https://seekingalpha.com/article/4321860-china-sector-analysis-financials Could not be called by NewsScan
root - WARNING - https://www.forbes.com/sites/robertanzalone/2020/01/30/stablecoins-are-legion-and-more-are-coming-are-we-creating-a-new-crisis/ Could not be called by NewsScan
root - WARNING - https://www.forbes.com/sites/rohitarora/2020/02/07/presidential-candidates-small-business-scorecard-tom-steyer/ Could not be called by NewsScan
root - WARNING - https://www.forbes.com/sites/sap/2020/02/03/new-energy-options-can-transform-an-industry-and-a-nation/ Could not be called by NewsScan
root - WARNING - https://www.forbes.com/sites/riskmap/2020/01/31/the-upside-of-downside-risks-insolvency-opportunities-in-asias-biggest-emerging-market/ Could not be called by NewsScan
root - WARNING - https://seekingalpha.com/article/4323817-chinas-economic-growth-whatever-takes Could not be called by NewsScan
root - WARNING - https://finance.yahoo.com/news/china-vows-financial-stability-markets-094549859.html Could not be called by NewsScan
root - WARNING - https://www.forbes.com/sites/rcarson/2020/01/29/7-turning-points-of-the-decade-for-savers-and-investors/ Could not be called by NewsScan
root - WARNING - https://www.forbes.com/sites/sebastianblanco/2020/02/06/mad-moneys-jim-cramer-is-done-with-fossil-fuels/ Could not be called by NewsScan
root - WARNING - https://finance.yahoo.com/news/jersey-invests-fossil-fuels-shunning-163658987.html Could not be called by NewsScan
root - WARNING - https://seekingalpha.com/article/4318504-total-glimpses-future-beyond-fossil-fuels-while-expanding-natural-gas-assets Could not be called by NewsScan
root - WARNING - https://seekingalpha.com/article/4321779-exxon-mobil-on-ropes-not-everyone-understands-why Could not be called by NewsScan
root - WARNING - https://thesiswhisperer.com/2020/02/13/unisuper-not-so-super/ Could not be called by NewsScan
root - WARNING - https://ieeexplore.ieee.org/document/6021978 Could not be called by NewsScan
root - WARNING - http://www.eleceng.adelaide.edu.au/personal/dabbott/publications/AQR_abbott2016.pdf Could not be called by NewsScan
root - WARNING - https://www.reuters.com/article/us-libya-security-eu-analysis-idUSKBN1ZF1DA Could not be called by NewsScan
root - WARNING - http://techcrunch.com/2020/01/17/deep-tech-vcs-on-what-they-view-as-some-of-the-most-impactful-young-startups-right-now/ Could not be called by NewsScan
root - WARNING - https://www.forbes.com/sites/forbestechcouncil/2020/02/04/power-to-the-people-a-realistic-plan-to-energize-our-economy/ Could not be called by NewsScan
root - WARNING - https://www.forbes.com/sites/dominicdudley/2020/01/16/how-safe-uae-nuclear-plants/ Could not be called by NewsScan
root - WARNING - https://www.popularmechanics.com/military/navy-ships/a30647372/laser-nuclear-subs/ Could not be called by NewsScan
root - WARNING - https://www.forbes.com/sites/gauravsharma/2020/01/24/rolls-royce-plans-mini-nuclear-power-plants-by-2029-delivered-in-chunks-via-trucks/ Could not be called by NewsScan
root - WARNING - http://13wham.com/news/local/cuomos-push-for-sick-leave-good-for-employees-not-local-small-business-owners Could not be called by NewsScan
root - WARNING - https://www.forbes.com/sites/johnhall/2020/01/24/how-to-support-the-people-who-support-your-employees/ Could not be called by NewsScan
root - WARNING - https://www.forbes.com/sites/christianweller/2020/02/14/people-caught-between-rock-and-hard-place-when-caring-for-loved-ones/ Could not be called by NewsScan
root - WARNING - https://www.edweek.org/ew/articles/2020/01/17/california-teachers-on-medical-leave-have-to.html Could not be called by NewsScan
root - WARNING - http://www.yourvalley.net/stories/hand-sanitizers-flu-shots-_-businesses-defense-against-flu,132950 Could not be called by NewsScan
root - WARNING - https://www.forbes.com/sites/christopherelliott/2020/02/11/travel-insurance-checklist/ Could not be called by NewsScan
root - WARNING - https://www.forbes.com/sites/naomicahn/2020/02/05/fixing-the-racial-wealth-gap/ Could not be called by NewsScan
root - WARNING - https://www.forbes.com/sites/forbestechcouncil/2020/01/17/achieving-workplace-diversity-through-recruitment-in-tech/ Could not be called by NewsScan
root - WARNING - https://www.forbes.com/sites/dporterfield/2020/02/04/a-message-to-employers-give-families-a-seat-at-the-table/ Could not be called by NewsScan
root - WARNING - https://www.forbes.com/sites/agnesuhereczky/2020/02/06/teleworking-during-the-coronavirus-outbreak-could-it-save-lives/ Could not be called by NewsScan
root - WARNING - https://www.forbes.com/sites/nextavenue/2020/02/06/the-4-day-workweek-has-its-time-come/ Could not be called by NewsScan
root - WARNING - https://www.edweek.org/ew/articles/2020/01/21/new-york-governor-faces-deadline-to_ap.html Could not be called by NewsScan
root - WARNING - http://techcrunch.com/2020/01/29/kensho-healthcare-publicly-launches-its-antithesis-of-goop/ Could not be called by NewsScan
root - WARNING - http://techcrunch.com/2020/02/05/verana-health-aims-to-organize-and-analyze-doctors-clinical-data-sets-whether-patients-like-it-or-not/ Could not be called by NewsScan
root - WARNING - https://www.forbes.com/sites/alapshah/2020/01/27/the-rise-and-rise-of-medicare-for-all/ Could not be called by NewsScan
root - WARNING - https://www.forbes.com/sites/gracemarieturner/2020/01/24/march-for-life-highlights-threat-of-medicare-for-all/ Could not be called by NewsScan
